<?xml version="1.0" encoding="UTF-8"?>
<testsuite name="com.project.task1.FizzBuzzWordGeneratorImplTest" tests="6" skipped="0" failures="0" errors="0" timestamp="2024-12-04T07:44:10" hostname="DESKTOP-LRFVLGM" time="0.026">
  <properties/>
  <testcase name="testBuzz()" classname="com.project.task1.FizzBuzzWordGeneratorImplTest" time="0.016"/>
  <testcase name="testFizz()" classname="com.project.task1.FizzBuzzWordGeneratorImplTest" time="0.0"/>
  <testcase name="testCorrectInput()" classname="com.project.task1.FizzBuzzWordGeneratorImplTest" time="0.0"/>
  <testcase name="testFizzBuzz()" classname="com.project.task1.FizzBuzzWordGeneratorImplTest" time="0.0"/>
  <testcase name="testNumber()" classname="com.project.task1.FizzBuzzWordGeneratorImplTest" time="0.006"/>
  <testcase name="testIncorrectInput()" classname="com.project.task1.FizzBuzzWordGeneratorImplTest" time="0.001"/>
  <system-out><![CDATA[]]></system-out>
  <system-err><![CDATA[]]></system-err>
</testsuite>
