<?xml version="1.0" encoding="UTF-8"?>
<testsuite name="com.project.task1.FizzBuzzSimpleGameTest" tests="1" skipped="0" failures="0" errors="0" timestamp="2024-12-02T16:41:34" hostname="DESKTOP-LRFVLGM" time="0.018">
  <properties/>
  <testcase name="testInput()" classname="com.project.task1.FizzBuzzSimpleGameTest" time="0.018"/>
  <system-out><![CDATA[]]></system-out>
  <system-err><![CDATA[]]></system-err>
</testsuite>
