<?xml version="1.0" encoding="UTF-8"?>
<testsuite name="com.project.task1.FizzBuzzSimpleGameTest" tests="3" skipped="0" failures="0" errors="0" timestamp="2024-12-03T16:21:15" hostname="DESKTOP-LRFVLGM" time="0.019">
  <properties/>
  <testcase name="testFizz()" classname="com.project.task1.FizzBuzzSimpleGameTest" time="0.015"/>
  <testcase name="testCorrectInput()" classname="com.project.task1.FizzBuzzSimpleGameTest" time="0.001"/>
  <testcase name="testIncorrectInput()" classname="com.project.task1.FizzBuzzSimpleGameTest" time="0.001"/>
  <system-out><![CDATA[]]></system-out>
  <system-err><![CDATA[]]></system-err>
</testsuite>
