<?xml version="1.0" encoding="UTF-8"?>
<testsuite name="com.project.task1.FizzBuzzPopulatorImplTest" tests="3" skipped="0" failures="0" errors="0" timestamp="2024-12-04T16:51:26" hostname="DESKTOP-LRFVLGM" time="0.022">
  <properties/>
  <testcase name="testPopulator()" classname="com.project.task1.FizzBuzzPopulatorImplTest" time="0.018"/>
  <testcase name="testNullArray()" classname="com.project.task1.FizzBuzzPopulatorImplTest" time="0.001"/>
  <testcase name="testIncorrectArray()" classname="com.project.task1.FizzBuzzPopulatorImplTest" time="0.001"/>
  <system-out><![CDATA[]]></system-out>
  <system-err><![CDATA[]]></system-err>
</testsuite>
